2019-08-26 18:50:06.328  INFO 12856 --- [main] .f.s.SpringBoot03LoggingApplicationTests : Starting SpringBoot03LoggingApplicationTests on Yis-Mi with PID 12856 (started by 99455 in C:\Users\99455\Desktop\myspringboot\spring-boot-03-logging)
2019-08-26 18:50:06.331 DEBUG 12856 --- [main] .f.s.SpringBoot03LoggingApplicationTests : Running with Spring Boot v2.1.7.RELEASE, Spring v5.1.9.RELEASE
2019-08-26 18:50:06.332  INFO 12856 --- [main] .f.s.SpringBoot03LoggingApplicationTests : No active profile set, falling back to default profiles: default
2019-08-26 18:50:09.498  INFO 12856 --- [main] o.s.s.concurrent.ThreadPoolTaskExecutor  : Initializing ExecutorService 'applicationTaskExecutor'
2019-08-26 18:50:10.211  INFO 12856 --- [main] .f.s.SpringBoot03LoggingApplicationTests : Started SpringBoot03LoggingApplicationTests in 4.714 seconds (JVM running for 6.522)
2019-08-26 18:50:10.616 TRACE 12856 --- [main] .f.s.SpringBoot03LoggingApplicationTests : 这是trace日志...
2019-08-26 18:50:10.618 DEBUG 12856 --- [main] .f.s.SpringBoot03LoggingApplicationTests : 这是debug日志...
2019-08-26 18:50:10.618  INFO 12856 --- [main] .f.s.SpringBoot03LoggingApplicationTests : 这是info日志...
2019-08-26 18:50:10.619  WARN 12856 --- [main] .f.s.SpringBoot03LoggingApplicationTests : 这是warn日志...
2019-08-26 18:50:10.619 ERROR 12856 --- [main] .f.s.SpringBoot03LoggingApplicationTests : 这是error日志...
2019-08-26 18:50:10.631  INFO 12856 --- [Thread-2] o.s.s.concurrent.ThreadPoolTaskExecutor  : Shutting down ExecutorService 'applicationTaskExecutor'
2019-08-26 18:51:17.353  INFO 7232 --- [main] .f.s.SpringBoot03LoggingApplicationTests : Starting SpringBoot03LoggingApplicationTests on Yis-Mi with PID 7232 (started by 99455 in C:\Users\99455\Desktop\myspringboot\spring-boot-03-logging)
2019-08-26 18:51:17.362 DEBUG 7232 --- [main] .f.s.SpringBoot03LoggingApplicationTests : Running with Spring Boot v2.1.7.RELEASE, Spring v5.1.9.RELEASE
2019-08-26 18:51:17.363  INFO 7232 --- [main] .f.s.SpringBoot03LoggingApplicationTests : No active profile set, falling back to default profiles: default
2019-08-26 18:51:20.271  INFO 7232 --- [main] o.s.s.concurrent.ThreadPoolTaskExecutor  : Initializing ExecutorService 'applicationTaskExecutor'
2019-08-26 18:51:20.792  INFO 7232 --- [main] .f.s.SpringBoot03LoggingApplicationTests : Started SpringBoot03LoggingApplicationTests in 4.327 seconds (JVM running for 6.056)
2019-08-26 18:51:21.077 TRACE 7232 --- [main] .f.s.SpringBoot03LoggingApplicationTests : 这是trace日志...
2019-08-26 18:51:21.078 DEBUG 7232 --- [main] .f.s.SpringBoot03LoggingApplicationTests : 这是debug日志...
2019-08-26 18:51:21.078  INFO 7232 --- [main] .f.s.SpringBoot03LoggingApplicationTests : 这是info日志...
2019-08-26 18:51:21.079  WARN 7232 --- [main] .f.s.SpringBoot03LoggingApplicationTests : 这是warn日志...
2019-08-26 18:51:21.079 ERROR 7232 --- [main] .f.s.SpringBoot03LoggingApplicationTests : 这是error日志...
2019-08-26 18:51:21.088  INFO 7232 --- [Thread-2] o.s.s.concurrent.ThreadPoolTaskExecutor  : Shutting down ExecutorService 'applicationTaskExecutor'
2019-08-26 18:51:52.638  INFO 15060 --- [main] .f.s.SpringBoot03LoggingApplicationTests : Starting SpringBoot03LoggingApplicationTests on Yis-Mi with PID 15060 (started by 99455 in C:\Users\99455\Desktop\myspringboot\spring-boot-03-logging)
2019-08-26 18:51:52.640 DEBUG 15060 --- [main] .f.s.SpringBoot03LoggingApplicationTests : Running with Spring Boot v2.1.7.RELEASE, Spring v5.1.9.RELEASE
2019-08-26 18:51:52.642  INFO 15060 --- [main] .f.s.SpringBoot03LoggingApplicationTests : No active profile set, falling back to default profiles: default
2019-08-26 18:51:55.236  INFO 15060 --- [main] o.s.s.concurrent.ThreadPoolTaskExecutor  : Initializing ExecutorService 'applicationTaskExecutor'
2019-08-26 18:51:55.750  INFO 15060 --- [main] .f.s.SpringBoot03LoggingApplicationTests : Started SpringBoot03LoggingApplicationTests in 3.884 seconds (JVM running for 5.764)
2019-08-26 18:51:56.043 TRACE 15060 --- [main] .f.s.SpringBoot03LoggingApplicationTests : 这是trace日志...
2019-08-26 18:51:56.043 DEBUG 15060 --- [main] .f.s.SpringBoot03LoggingApplicationTests : 这是debug日志...
2019-08-26 18:51:56.043  INFO 15060 --- [main] .f.s.SpringBoot03LoggingApplicationTests : 这是info日志...
2019-08-26 18:51:56.044  WARN 15060 --- [main] .f.s.SpringBoot03LoggingApplicationTests : 这是warn日志...
2019-08-26 18:51:56.044 ERROR 15060 --- [main] .f.s.SpringBoot03LoggingApplicationTests : 这是error日志...
2019-08-26 18:51:56.054  INFO 15060 --- [Thread-2] o.s.s.concurrent.ThreadPoolTaskExecutor  : Shutting down ExecutorService 'applicationTaskExecutor'
2019-08-26 18:52:33.784  INFO 11200 --- [main] .f.s.SpringBoot03LoggingApplicationTests : Starting SpringBoot03LoggingApplicationTests on Yis-Mi with PID 11200 (started by 99455 in C:\Users\99455\Desktop\myspringboot\spring-boot-03-logging)
2019-08-26 18:52:33.786 DEBUG 11200 --- [main] .f.s.SpringBoot03LoggingApplicationTests : Running with Spring Boot v2.1.7.RELEASE, Spring v5.1.9.RELEASE
2019-08-26 18:52:33.787  INFO 11200 --- [main] .f.s.SpringBoot03LoggingApplicationTests : No active profile set, falling back to default profiles: default
2019-08-26 18:52:36.498  INFO 11200 --- [main] o.s.s.concurrent.ThreadPoolTaskExecutor  : Initializing ExecutorService 'applicationTaskExecutor'
2019-08-26 18:52:37.022  INFO 11200 --- [main] .f.s.SpringBoot03LoggingApplicationTests : Started SpringBoot03LoggingApplicationTests in 4.058 seconds (JVM running for 5.793)
2019-08-26 18:52:37.310 TRACE 11200 --- [main] .f.s.SpringBoot03LoggingApplicationTests : 这是trace日志...
2019-08-26 18:52:37.311 DEBUG 11200 --- [main] .f.s.SpringBoot03LoggingApplicationTests : 这是debug日志...
2019-08-26 18:52:37.311  INFO 11200 --- [main] .f.s.SpringBoot03LoggingApplicationTests : 这是info日志...
2019-08-26 18:52:37.312  WARN 11200 --- [main] .f.s.SpringBoot03LoggingApplicationTests : 这是warn日志...
2019-08-26 18:52:37.312 ERROR 11200 --- [main] .f.s.SpringBoot03LoggingApplicationTests : 这是error日志...
2019-08-26 18:52:37.325  INFO 11200 --- [Thread-2] o.s.s.concurrent.ThreadPoolTaskExecutor  : Shutting down ExecutorService 'applicationTaskExecutor'
